
 ***************************************************** 
 ******* RELPAIR VERSION 2.0.1, JUNE 13, 2004 ******** 
 *** WRITTEN BY WILLIAM L. DUREN, MICHAEL EPSTEIN, *** 
 ********** MINGYAO LI AND MICHAEL BOEHNKE *********** 
 ***************************************************** 

 CONTROL FILE:   example.ctl                                     

 LOCUS FILE:   example.loc                                     

 PEDIGREE FILE:   example.ped                                     

 TYPE OF ANALYSIS: ALL PAIRS (OPTION=ALL)

 TYPE OF OUTPUT: DIFFERENT INFERRED PAIRS ONLY (OPTION=1)

 MINIMUM NUMBER OF GENOTYPED MARKERS SHARED:     2

 ASSUMED GENOTYPING ERROR RATE: 0.010

 CRITICAL VALUE OF THE INFERRED VS PUTATIVE LIKELIHOOD
 RATIO FOR A PAIR TO BE OUTPUT ("CRITVAL"):   10.00
 
 NUMBER OF PAIRS SHARING ENOUGH TYPED LOCI (>=    2):        210
 NUMBER OF PAIRS SHARING TOO FEW TYPED LOCI (<    2):          0
 --------------------------------------------------------------- 
 TOTAL NUMBER OF PAIRS BEING ANALYZED:                       210


    NOTATION:

              MZ -- MONOZYGOTIC TWINS             FULL(FS) -- FULL SIBS         
       P/OFF(PO) -- PARENT/OFFSPRING              HALF(HS) -- HALF SIBS         
       GP/GC(GG) -- GRANDPARENT/GRANDCHILD        AVNC(AV) -- AVUNCULAR         
        COUS(CO) -- FIRST COUSINS                UNREL(UN) -- UNRELATED         
 _______________________________________________________________________________
 

   TABLE 1.  COUNTS OF STRONGLY INFERRED RELATIONSHIPS

   CONSISTS OF PAIRS WHOSE INFERRED RELATIONSHIP IS MORE LIKELY THAN ALL OTHERS 
   BY AT LEAST A FACTOR OF "CRITVAL" (   10.00)


                                  INFERRED RELATIONSHIP

    _______ _____ ______ ______ ______ ______ ______ _______ ________ ________ 
   |       |     |      |      |      |      |      |       |        |        |
   |       | MZ  | FULL | P/OFF| HALF | GP/GC| AVNC | COUS  |  UNREL |  TOTAL |
   |_______|_____|______|______|______|______|______|_______|________|________|
   |       |     |      |      |      |      |      |       |        |        |
 P | MZ    |    0|     0|     0|     0|     0|     0|      0|       0|       0|
 U |_______|_____|______|______|______|______|______|_______|________|________|
 T |       |     |      |      |      |      |      |       |        |        |
 A | FULL  |    0|     0|     0|     0|     0|     0|      0|       0|       0|
 T |_______|_____|______|______|______|______|______|_______|________|________|
 I |       |     |      |      |      |      |      |       |        |        |
 V | P/OFF |    0|     0|     0|     0|     0|     0|      0|       0|       0|
 E |_______|_____|______|______|______|______|______|_______|________|________|
   |       |     |      |      |      |      |      |       |        |        |
 R | HALF  |    0|     0|     0|     0|     0|     0|      0|       0|       0|
 E |_______|_____|______|______|______|______|______|_______|________|________|
 L |       |     |      |      |      |      |      |       |        |        |
 A | GP/GC |    0|     0|     0|     0|     0|     0|      0|       0|       0|
 T |_______|_____|______|______|______|______|______|_______|________|________|
 I |       |     |      |      |      |      |      |       |        |        |
 O | AVNC  |    0|     0|     0|     0|     0|     0|      0|       0|       0|
 N |_______|_____|______|______|______|______|______|_______|________|________|
 S |       |     |      |      |      |      |      |       |        |        |
 H | COUS  |    0|     0|     0|     0|     0|     0|      0|       0|       0|
 I |_______|_____|______|______|______|______|______|_______|________|________|
 P |       |     |      |      |      |      |      |       |        |        |
   | UNREL |    0|     1|     0|     0|     0|     0|      0|       0|       1|
   |_______|_____|______|______|______|______|______|_______|________|________|
   |       |     |      |      |      |      |      |       |        |        |
   | TOTAL |    0|     1|     0|     0|     0|     0|      0|       0|       1|
   |_______|_____|______|______|______|______|______|_______|________|________|
 
 _______________________________________________________________________________
 

   TABLE 2.  COUNTS OF LIKELY DISCREPANCIES

   CONSISTS OF PAIRS WHOSE INFERRED RELATIONSHIP IS MORE LIKELY THAN THE PUTATIVE 
   RELATIONSHIP BY AT LEAST A FACTOR OF "CRITVAL" (   10.00)


                                  INFERRED RELATIONSHIP

    _______ _____ ______ ______ ______ ______ ______ _______ ________ ________ 
   |       |     |      |      |      |      |      |       |        |        |
   |       | MZ  | FULL | P/OFF| HALF | GP/GC| AVNC | COUS  |  UNREL |  TOTAL |
   |_______|_____|______|______|______|______|______|_______|________|________|
   |       |     |      |      |      |      |      |       |        |        |
 P | MZ    |    0|     0|     0|     0|     0|     0|      0|       0|       0|
 U |_______|_____|______|______|______|______|______|_______|________|________|
 T |       |     |      |      |      |      |      |       |        |        |
 A | FULL  |    0|     0|     0|     0|     0|     0|      1|       1|       2|
 T |_______|_____|______|______|______|______|______|_______|________|________|
 I |       |     |      |      |      |      |      |       |        |        |
 V | P/OFF |    0|     0|     0|     1|     3|     0|      1|       9|      14|
 E |_______|_____|______|______|______|______|______|_______|________|________|
   |       |     |      |      |      |      |      |       |        |        |
 R | HALF  |    0|     0|     0|     0|     0|     0|      0|       0|       0|
 E |_______|_____|______|______|______|______|______|_______|________|________|
 L |       |     |      |      |      |      |      |       |        |        |
 A | GP/GC |    0|     0|     0|     0|     0|     0|      0|       0|       0|
 T |_______|_____|______|______|______|______|______|_______|________|________|
 I |       |     |      |      |      |      |      |       |        |        |
 O | AVNC  |    0|     0|     0|     0|     0|     0|      0|       0|       0|
 N |_______|_____|______|______|______|______|______|_______|________|________|
 S |       |     |      |      |      |      |      |       |        |        |
 H | COUS  |    0|     0|     0|     0|     0|     0|      0|       0|       0|
 I |_______|_____|______|______|______|______|______|_______|________|________|
 P |       |     |      |      |      |      |      |       |        |        |
   | UNREL |    0|    10|    12|     0|     7|     5|      0|       0|      34|
   |_______|_____|______|______|______|______|______|_______|________|________|
   |       |     |      |      |      |      |      |       |        |        |
   | TOTAL |    0|    10|    12|     1|    10|     5|      2|      10|      50|
   |_______|_____|______|______|______|______|______|_______|________|________|
 
 _______________________________________________________________________________
 
 *** STRONGEST DISCREPANCIES WITHIN FAMILIES ***
 _______________________________________________________________________________
 
  PED       ID1       ID2      PUT INF  INF/PUT RATIO
 _______________________________________________________________________________
 
 FAMILY3   003-305   003-401   PO  UN      92427
 FAMILY3   003-304   003-402   PO  UN      91875
 FAMILY3   003-200   003-302   PO  UN      69468
 FAMILY3   003-200   003-300   PO  UN      69468
 FAMILY3   003-203   003-205   FS  UN      10328
 FAMILY3   003-202   003-401   UN  FS     4185.3
 FAMILY3   003-202   003-303   PO  UN     3335.7
 FAMILY3   003-201   003-300   PO  UN     2772.2
 FAMILY3   003-201   003-302   PO  UN     2772.2
 FAMILY3   003-301   003-400   PO  GG     1386.8
 FAMILY3   003-203   003-303   PO  GG      704.8
 FAMILY3   003-304   003-401   PO  GG      627.8
 FAMILY3   003-204   003-304   PO  UN      593.1
 FAMILY3   003-206   003-301   UN  FS      365.6
 FAMILY3   003-306   003-401   UN  FS      124.7
 FAMILY3   003-202   003-306   UN  FS      124.7
 FAMILY3   003-205   003-306   PO  CO       98.1
 FAMILY3   003-206   003-402   UN  FS       95.6
 FAMILY3   003-304   003-400   UN  FS       28.1
 FAMILY3   003-201   003-205   FS  CO       27.8
 FAMILY3   003-202   003-304   UN  AV       23.3
 FAMILY3   003-206   003-306   PO  UN       22.0
 FAMILY3   003-301   003-402   UN  PO       19.4
 FAMILY3   003-301   003-305   UN  PO       13.0
 FAMILY3   003-206   003-305   UN  PO       13.0
 FAMILY3   003-300   003-305   UN  PO       12.7
 FAMILY3   003-305   003-400   UN  PO       12.7
 FAMILY3   003-302   003-305   UN  PO       12.7
 FAMILY3   003-202   003-300   UN  AV       12.5
 FAMILY3   003-202   003-302   UN  AV       12.5
 FAMILY3   003-202   003-203   UN  AV       12.5
 FAMILY3   003-203   003-304   PO  HS       10.6
 
 _______________________________________________________________________________
 
 *** STRONGEST DISCREPANCIES ACROSS FAMILIES ***
 _______________________________________________________________________________
 
   PED1      ID1       PED2      ID2     PUT INF  INF/PUT RATIO
 _______________________________________________________________________________
 
 FAMILY2   002-201   FAMILY3   003-401   UN  FS     2505.1
 FAMILY1   001-202   FAMILY3   003-202   UN  FS      620.7
 FAMILY1   001-202   FAMILY3   003-401   UN  FS      620.7
 FAMILY1   001-202   FAMILY3   003-306   UN  FS      241.0
 FAMILY1   001-202   FAMILY2   002-201   UN  PO      146.3
 FAMILY1   001-202   FAMILY3   003-304   UN  GG       45.1
 FAMILY2   002-200   FAMILY3   003-206   UN  PO       38.5
 FAMILY2   002-200   FAMILY3   003-301   UN  PO       38.5
 FAMILY2   002-200   FAMILY3   003-402   UN  PO       38.5
 FAMILY2   002-201   FAMILY3   003-202   UN  GG       34.0
 FAMILY2   002-201   FAMILY3   003-306   UN  AV       23.3
 FAMILY1   001-201   FAMILY2   002-201   UN  PO       21.0
 FAMILY1   001-201   FAMILY3   003-401   UN  PO       21.0
 FAMILY2   002-200   FAMILY3   003-302   UN  GG       10.0
 FAMILY2   002-200   FAMILY3   003-400   UN  GG       10.0
 FAMILY2   002-200   FAMILY3   003-203   UN  GG       10.0
 FAMILY2   002-200   FAMILY3   003-303   UN  GG       10.0
 FAMILY2   002-200   FAMILY3   003-300   UN  GG       10.0
